============================= test session starts =============================
collecting ... collected 35 items / 1 error

=================================== ERRORS ====================================
______________________ ERROR collecting test_output.txt _______________________
C:\Python\Python3.13\Lib\pathlib\_local.py:546: in read_text
    return PathBase.read_text(self, encoding, errors, newline)
           ^^^^^^^^^^^^^^^^^^^^^^^^^^^^^^^^^^^^^^^^^^^^^^^^^^^
C:\Python\Python3.13\Lib\pathlib\_abc.py:633: in read_text
    return f.read()
           ^^^^^^^^
<frozen codecs>:325: in decode
    ???
E   UnicodeDecodeError: 'utf-8' codec can't decode byte 0xff in position 0: invalid start byte
=========================== short test summary info ===========================
ERROR test_output.txt - UnicodeDecodeError: 'utf-8' codec can't decode byte 0...
!!!!!!!!!!!!!!!!!!! Interrupted: 1 error during collection !!!!!!!!!!!!!!!!!!!!
============================== 1 error in 0.41s ===============================

---STDERR---

---RC: 2---
